#
# There is insufficient memory for the Java Runtime Environment to continue.
# Native memory allocation (malloc) failed to allocate 32784 bytes for Chunk::new
# Possible reasons:
#   The system is out of physical RAM or swap space
#   In 32 bit mode, the process size limit was hit
# Possible solutions:
#   Reduce memory load on the system
#   Increase physical memory or swap space
#   Check if swap backing store is full
#   Use 64 bit Java on a 64 bit OS
#   Decrease Java heap size (-Xmx/-Xms)
#   Decrease number of Java threads
#   Decrease Java thread stack sizes (-Xss)
#   Set larger code cache with -XX:ReservedCodeCacheSize=
# This output file may be truncated or incomplete.
#
#  Out of Memory Error (allocation.cpp:390), pid=5236, tid=6080
#
# JRE version: Java(TM) SE Runtime Environment (8.0_66-b18) (build 1.8.0_66-b18)
# Java VM: Java HotSpot(TM) 64-Bit Server VM (25.66-b18 mixed mode windows-amd64 compressed oops)
# Failed to write core dump. Minidumps are not enabled by default on client versions of Windows
#

---------------  T H R E A D  ---------------

Current thread (0x00000000143f5000):  JavaThread "C2 CompilerThread0" daemon [_thread_in_native, id=6080, stack(0x0000000015410000,0x0000000015510000)]

Stack: [0x0000000015410000,0x0000000015510000]
[error occurred during error reporting (printing stack bounds), id 0xc0000005]

Native frames: (J=compiled Java code, j=interpreted, Vv=VM code, C=native code)


Current CompileTask:
C2:  55141 3003       4       javax.swing.GroupLayout$ComponentSpring::getBaseline (61 bytes)


---------------  P R O C E S S  ---------------

Java Threads: ( => current thread )
  0x00000000168d9000 JavaThread "TimerQueue" daemon [_thread_blocked, id=472, stack(0x00000000181c0000,0x00000000182c0000)]
  0x00000000166c1000 JavaThread "Abandoned connection cleanup thread" daemon [_thread_blocked, id=1948, stack(0x0000000016e80000,0x0000000016f80000)]
  0x00000000027b0800 JavaThread "DestroyJavaVM" [_thread_blocked, id=4204, stack(0x0000000002690000,0x0000000002790000)]
  0x0000000015bca000 JavaThread "AWT-EventQueue-0" [_thread_blocked, id=3580, stack(0x0000000016580000,0x0000000016680000)]
  0x0000000015b79800 JavaThread "AWT-Windows" daemon [_thread_in_native, id=6168, stack(0x0000000015ef0000,0x0000000015ff0000)]
  0x0000000015b76800 JavaThread "AWT-Shutdown" [_thread_blocked, id=3264, stack(0x0000000015df0000,0x0000000015ef0000)]
  0x0000000015b31000 JavaThread "Java2D Disposer" daemon [_thread_blocked, id=5292, stack(0x0000000015cf0000,0x0000000015df0000)]
  0x000000001444a800 JavaThread "Service Thread" daemon [_thread_blocked, id=6972, stack(0x0000000015610000,0x0000000015710000)]
  0x0000000014444000 JavaThread "C1 CompilerThread1" daemon [_thread_blocked, id=2640, stack(0x0000000015510000,0x0000000015610000)]
=>0x00000000143f5000 JavaThread "C2 CompilerThread0" daemon [_thread_in_native, id=6080, stack(0x0000000015410000,0x0000000015510000)]
  0x00000000143f3800 JavaThread "Attach Listener" daemon [_thread_blocked, id=7064, stack(0x0000000015310000,0x0000000015410000)]
  0x00000000143f0800 JavaThread "Signal Dispatcher" daemon [_thread_blocked, id=6444, stack(0x0000000015210000,0x0000000015310000)]
  0x000000000289d000 JavaThread "Finalizer" daemon [_thread_blocked, id=5164, stack(0x0000000015030000,0x0000000015130000)]
  0x0000000002899800 JavaThread "Reference Handler" daemon [_thread_blocked, id=5008, stack(0x0000000014f30000,0x0000000015030000)]

Other Threads:
  0x00000000143b6000 VMThread [stack: 0x0000000014e30000,0x0000000014f30000] [id=6460]
  0x000000001444f000 WatcherThread [stack: 0x0000000015710000,0x0000000015810000] [id=6816]

VM state:not at safepoint (normal execution)

VM Mutex/Monitor currently owned by a thread: None

Heap:
 PSYoungGen      total 14336K, used 6614K [0x00000000f0580000, 0x00000000f1580000, 0x0000000100000000)
  eden space 12288K, 37% used [0x00000000f0580000,0x00000000f09fd7f8,0x00000000f1180000)
  from space 2048K, 98% used [0x00000000f1380000,0x00000000f1578060,0x00000000f1580000)
  to   space 2048K, 0% used [0x00000000f1180000,0x00000000f1180000,0x00000000f1380000)
 ParOldGen       total 32768K, used 15395K [0x00000000d1000000, 0x00000000d3000000, 0x00000000f0580000)
  object space 32768K, 46% used [0x00000000d1000000,0x00000000d1f08f20,0x00000000d3000000)
 Metaspace       used 18804K, capacity 19054K, committed 19328K, reserved 1067008K
  class space    used 2236K, capacity 2333K, committed 2432K, reserved 1048576K

Card table byte_map: [0x0000000011d10000,0x0000000011e90000] byte_map_base: 0x0000000011688000

Marking Bits: (ParMarkBitMap*) 0x000000005e00a5b0
 Begin Bits: [0x0000000012190000, 0x0000000012d50000)
 End Bits:   [0x0000000012d50000, 0x0000000013910000)

Polling page: 0x0000000000c40000

CodeCache: size=245760Kb used=8873Kb max_used=8873Kb free=236886Kb
 bounds [0x0000000002950000, 0x0000000003210000, 0x0000000011950000]
 total_blobs=3400 nmethods=2809 adapters=502
 compilation: enabled

Compilation events (10 events):
Event: 55.087 Thread 0x0000000014444000 3013       3       sun.awt.image.SunVolatileImage::<init> (15 bytes)
Event: 55.087 Thread 0x0000000014444000 nmethod 3013 0x0000000003201150 code [0x00000000032012c0, 0x0000000003201488]
Event: 55.087 Thread 0x0000000014444000 3014       3       java.awt.image.VolatileImage::<init> (10 bytes)
Event: 55.088 Thread 0x0000000014444000 nmethod 3014 0x0000000003201550 code [0x00000000032016c0, 0x00000000032018d0]
Event: 55.088 Thread 0x0000000014444000 3015       3       sun.awt.image.SunVolatileImage::createSurfaceManager (52 bytes)
Event: 55.090 Thread 0x0000000014444000 nmethod 3015 0x0000000003201990 code [0x0000000003201b60, 0x00000000032024a8]
Event: 55.090 Thread 0x0000000014444000 3016       3       sun.awt.image.BufImgVolatileSurfaceManager::<init> (7 bytes)
Event: 55.091 Thread 0x0000000014444000 nmethod 3016 0x0000000003202810 code [0x00000000032029e0, 0x0000000003203258]
Event: 55.091 Thread 0x0000000014444000 3017       3       sun.awt.image.VolatileSurfaceManager::<init> (34 bytes)
Event: 55.092 Thread 0x0000000014444000 nmethod 3017 0x00000000032035d0 code [0x0000000003203780, 0x0000000003203f98]

GC Heap History (8 events):
Event: 5.201 GC heap before
{Heap before GC invocations=1 (full 0):
 PSYoungGen      total 14336K, used 11606K [0x00000000f0580000, 0x00000000f1580000, 0x0000000100000000)
  eden space 12288K, 94% used [0x00000000f0580000,0x00000000f10d5a38,0x00000000f1180000)
  from space 2048K, 0% used [0x00000000f1380000,0x00000000f1380000,0x00000000f1580000)
  to   space 2048K, 0% used [0x00000000f1180000,0x00000000f1180000,0x00000000f1380000)
 ParOldGen       total 32768K, used 0K [0x00000000d1000000, 0x00000000d3000000, 0x00000000f0580000)
  object space 32768K, 0% used [0x00000000d1000000,0x00000000d1000000,0x00000000d3000000)
 Metaspace       used 13554K, capacity 13726K, committed 13824K, reserved 1060864K
  class space    used 1617K, capacity 1699K, committed 1792K, reserved 1048576K
Event: 5.214 GC heap after
Heap after GC invocations=1 (full 0):
 PSYoungGen      total 14336K, used 2032K [0x00000000f0580000, 0x00000000f1580000, 0x0000000100000000)
  eden space 12288K, 0% used [0x00000000f0580000,0x00000000f0580000,0x00000000f1180000)
  from space 2048K, 99% used [0x00000000f1180000,0x00000000f137c030,0x00000000f1380000)
  to   space 2048K, 0% used [0x00000000f1380000,0x00000000f1380000,0x00000000f1580000)
 ParOldGen       total 32768K, used 1523K [0x00000000d1000000, 0x00000000d3000000, 0x00000000f0580000)
  object space 32768K, 4% used [0x00000000d1000000,0x00000000d117cf98,0x00000000d3000000)
 Metaspace       used 13554K, capacity 13726K, committed 13824K, reserved 1060864K
  class space    used 1617K, capacity 1699K, committed 1792K, reserved 1048576K
}
Event: 14.962 GC heap before
{Heap before GC invocations=2 (full 0):
 PSYoungGen      total 14336K, used 14320K [0x00000000f0580000, 0x00000000f1580000, 0x0000000100000000)
  eden space 12288K, 100% used [0x00000000f0580000,0x00000000f1180000,0x00000000f1180000)
  from space 2048K, 99% used [0x00000000f1180000,0x00000000f137c030,0x00000000f1380000)
  to   space 2048K, 0% used [0x00000000f1380000,0x00000000f1380000,0x00000000f1580000)
 ParOldGen       total 32768K, used 1523K [0x00000000d1000000, 0x00000000d3000000, 0x00000000f0580000)
  object space 32768K, 4% used [0x00000000d1000000,0x00000000d117cf98,0x00000000d3000000)
 Metaspace       used 17122K, capacity 17360K, committed 17664K, reserved 1064960K
  class space    used 2133K, capacity 2226K, committed 2304K, reserved 1048576K
Event: 14.977 GC heap after
Heap after GC invocations=2 (full 0):
 PSYoungGen      total 14336K, used 2032K [0x00000000f0580000, 0x00000000f1580000, 0x0000000100000000)
  eden space 12288K, 0% used [0x00000000f0580000,0x00000000f0580000,0x00000000f1180000)
  from space 2048K, 99% used [0x00000000f1380000,0x00000000f157c030,0x00000000f1580000)
  to   space 2048K, 0% used [0x00000000f1180000,0x00000000f1180000,0x00000000f1380000)
 ParOldGen       total 32768K, used 6964K [0x00000000d1000000, 0x00000000d3000000, 0x00000000f0580000)
  object space 32768K, 21% used [0x00000000d1000000,0x00000000d16cd0e0,0x00000000d3000000)
 Metaspace       used 17122K, capacity 17360K, committed 17664K, reserved 1064960K
  class space    used 2133K, capacity 2226K, committed 2304K, reserved 1048576K
}
Event: 22.816 GC heap before
{Heap before GC invocations=3 (full 0):
 PSYoungGen      total 14336K, used 14320K [0x00000000f0580000, 0x00000000f1580000, 0x0000000100000000)
  eden space 12288K, 100% used [0x00000000f0580000,0x00000000f1180000,0x00000000f1180000)
  from space 2048K, 99% used [0x00000000f1380000,0x00000000f157c030,0x00000000f1580000)
  to   space 2048K, 0% used [0x00000000f1180000,0x00000000f1180000,0x00000000f1380000)
 ParOldGen       total 32768K, used 6964K [0x00000000d1000000, 0x00000000d3000000, 0x00000000f0580000)
  object space 32768K, 21% used [0x00000000d1000000,0x00000000d16cd0e0,0x00000000d3000000)
 Metaspace       used 18366K, capacity 18574K, committed 18816K, reserved 1064960K
  class space    used 2233K, capacity 2329K, committed 2432K, reserved 1048576K
Event: 22.833 GC heap after
Heap after GC invocations=3 (full 0):
 PSYoungGen      total 14336K, used 2032K [0x00000000f0580000, 0x00000000f1580000, 0x0000000100000000)
  eden space 12288K, 0% used [0x00000000f0580000,0x00000000f0580000,0x00000000f1180000)
  from space 2048K, 99% used [0x00000000f1180000,0x00000000f137c030,0x00000000f1380000)
  to   space 2048K, 0% used [0x00000000f1380000,0x00000000f1380000,0x00000000f1580000)
 ParOldGen       total 32768K, used 11955K [0x00000000d1000000, 0x00000000d3000000, 0x00000000f0580000)
  object space 32768K, 36% used [0x00000000d1000000,0x00000000d1bacf40,0x00000000d3000000)
 Metaspace       used 18366K, capacity 18574K, committed 18816K, reserved 1064960K
  class space    used 2233K, capacity 2329K, committed 2432K, reserved 1048576K
}
Event: 45.372 GC heap before
{Heap before GC invocations=4 (full 0):
 PSYoungGen      total 14336K, used 14320K [0x00000000f0580000, 0x00000000f1580000, 0x0000000100000000)
  eden space 12288K, 100% used [0x00000000f0580000,0x00000000f1180000,0x00000000f1180000)
  from space 2048K, 99% used [0x00000000f1180000,0x00000000f137c030,0x00000000f1380000)
  to   space 2048K, 0% used [0x00000000f1380000,0x00000000f1380000,0x00000000f1580000)
 ParOldGen       total 32768K, used 11955K [0x00000000d1000000, 0x00000000d3000000, 0x00000000f0580000)
  object space 32768K, 36% used [0x00000000d1000000,0x00000000d1bacf40,0x00000000d3000000)
 Metaspace       used 18712K, capacity 18990K, committed 19328K, reserved 1067008K
  class space    used 2236K, capacity 2333K, committed 2432K, reserved 1048576K
Event: 45.407 GC heap after
Heap after GC invocations=4 (full 0):
 PSYoungGen      total 14336K, used 2016K [0x00000000f0580000, 0x00000000f1580000, 0x0000000100000000)
  eden space 12288K, 0% used [0x00000000f0580000,0x00000000f0580000,0x00000000f1180000)
  from space 2048K, 98% used [0x00000000f1380000,0x00000000f1578060,0x00000000f1580000)
  to   space 2048K, 0% used [0x00000000f1180000,0x00000000f1180000,0x00000000f1380000)
 ParOldGen       total 32768K, used 15395K [0x00000000d1000000, 0x00000000d3000000, 0x00000000f0580000)
  object space 32768K, 46% used [0x00000000d1000000,0x00000000d1f08f20,0x00000000d3000000)
 Metaspace       used 18712K, capacity 18990K, committed 19328K, reserved 1067008K
  class space    used 2236K, capacity 2333K, committed 2432K, reserved 1048576K
}

Deoptimization events (10 events):
Event: 15.107 Thread 0x0000000015bca000 Uncommon trap: reason=unstable_if action=reinterpret pc=0x0000000002d50b74 method=javax.swing.plaf.nimbus.DerivedColor.equals(Ljava/lang/Object;)Z @ 45
Event: 15.176 Thread 0x0000000015bca000 Uncommon trap: reason=unstable_if action=reinterpret pc=0x0000000002db2dd0 method=sun.awt.SunToolkit.isInstanceOf(Ljava/lang/Class;Ljava/lang/String;)Z @ 14
Event: 18.454 Thread 0x0000000015bca000 Uncommon trap: reason=bimorphic action=maybe_recompile pc=0x0000000002ec6620 method=java.util.Hashtable.put(Ljava/lang/Object;Ljava/lang/Object;)Ljava/lang/Object; @ 60
Event: 18.455 Thread 0x0000000015bca000 Uncommon trap: reason=bimorphic action=maybe_recompile pc=0x0000000002ec6620 method=java.util.Hashtable.put(Ljava/lang/Object;Ljava/lang/Object;)Ljava/lang/Object; @ 60
Event: 18.455 Thread 0x0000000015bca000 Uncommon trap: reason=bimorphic action=maybe_recompile pc=0x0000000002ec6620 method=java.util.Hashtable.put(Ljava/lang/Object;Ljava/lang/Object;)Ljava/lang/Object; @ 60
Event: 18.456 Thread 0x0000000015bca000 Uncommon trap: reason=bimorphic action=maybe_recompile pc=0x0000000002ec6620 method=java.util.Hashtable.put(Ljava/lang/Object;Ljava/lang/Object;)Ljava/lang/Object; @ 60
Event: 18.534 Thread 0x0000000015bca000 Uncommon trap: reason=unstable_if action=reinterpret pc=0x0000000002e2b618 method=java.awt.MultipleGradientPaintContext.indexIntoGradientsArrays(F)I @ 24
Event: 18.534 Thread 0x0000000015bca000 Uncommon trap: reason=unstable_if action=reinterpret pc=0x0000000002c4ea9c method=java.awt.MultipleGradientPaintContext.indexIntoGradientsArrays(F)I @ 24
Event: 20.526 Thread 0x0000000015bca000 Uncommon trap: reason=null_check action=make_not_entrant pc=0x0000000002f5a93c method=javax.swing.plaf.nimbus.NimbusDefaults$LazyStyle.matches(Ljava/awt/Component;I)Z @ 39
Event: 50.519 Thread 0x0000000015bca000 Uncommon trap: reason=unstable_if action=reinterpret pc=0x00000000031e21ac method=java.awt.Container.getMouseEventTargetImpl(IIZLjava/awt/Container$EventTargetFilter;ZZ)Ljava/awt/Component; @ 218

Internal exceptions (10 events):
Event: 2.516 Thread 0x00000000027b0800 Exception <a 'java/lang/ClassNotFoundException': ToggleButton> (0x00000000f09431d8) thrown at [C:\re\workspace\8-2-build-windows-amd64-cygwin\jdk8u66\5298\hotspot\src\share\vm\classfile\systemDictionary.cpp, line 210]
Event: 2.516 Thread 0x00000000027b0800 Exception <a 'java/lang/ClassNotFoundException': javax/swing/JToolBarSeparator> (0x00000000f0943638) thrown at [C:\re\workspace\8-2-build-windows-amd64-cygwin\jdk8u66\5298\hotspot\src\share\vm\classfile\systemDictionary.cpp, line 210]
Event: 2.516 Thread 0x00000000027b0800 Exception <a 'java/lang/ClassNotFoundException': ToolBarSeparator> (0x00000000f0943ad0) thrown at [C:\re\workspace\8-2-build-windows-amd64-cygwin\jdk8u66\5298\hotspot\src\share\vm\classfile\systemDictionary.cpp, line 210]
Event: 2.517 Thread 0x00000000027b0800 Exception <a 'java/lang/ClassNotFoundException': ToolTip> (0x00000000f0944210) thrown at [C:\re\workspace\8-2-build-windows-amd64-cygwin\jdk8u66\5298\hotspot\src\share\vm\classfile\systemDictionary.cpp, line 210]
Event: 2.519 Thread 0x00000000027b0800 Exception <a 'java/lang/ClassNotFoundException': Tree> (0x00000000f0944e30) thrown at [C:\re\workspace\8-2-build-windows-amd64-cygwin\jdk8u66\5298\hotspot\src\share\vm\classfile\systemDictionary.cpp, line 210]
Event: 2.519 Thread 0x00000000027b0800 Exception <a 'java/lang/ClassNotFoundException': Tree> (0x00000000f0945570) thrown at [C:\re\workspace\8-2-build-windows-amd64-cygwin\jdk8u66\5298\hotspot\src\share\vm\classfile\systemDictionary.cpp, line 210]
Event: 2.519 Thread 0x00000000027b0800 Exception <a 'java/lang/ClassNotFoundException': javax/swing/JTreeCell> (0x00000000f09458f0) thrown at [C:\re\workspace\8-2-build-windows-amd64-cygwin\jdk8u66\5298\hotspot\src\share\vm\classfile\systemDictionary.cpp, line 210]
Event: 2.519 Thread 0x00000000027b0800 Exception <a 'java/lang/ClassNotFoundException': TreeCell> (0x00000000f0945d78) thrown at [C:\re\workspace\8-2-build-windows-amd64-cygwin\jdk8u66\5298\hotspot\src\share\vm\classfile\systemDictionary.cpp, line 210]
Event: 2.521 Thread 0x00000000027b0800 Exception <a 'java/lang/ClassNotFoundException': RootPane> (0x00000000f09467d8) thrown at [C:\re\workspace\8-2-build-windows-amd64-cygwin\jdk8u66\5298\hotspot\src\share\vm\classfile\systemDictionary.cpp, line 210]
Event: 20.525 Thread 0x0000000015bca000 Implicit null exception at 0x0000000002f576b7 to 0x0000000002f5a921

Events (10 events):
Event: 54.913 Executing VM operation: RevokeBias
Event: 54.913 Executing VM operation: RevokeBias done
Event: 54.990 Executing VM operation: RevokeBias
Event: 54.990 Executing VM operation: RevokeBias done
Event: 55.007 Executing VM operation: RevokeBias
Event: 55.007 Executing VM operation: RevokeBias done
Event: 55.022 Executing VM operation: RevokeBias
Event: 55.022 Executing VM operation: RevokeBias done
Event: 55.028 Executing VM operation: RevokeBias
Event: 55.028 Executing VM operation: RevokeBias done


Dynamic libraries:
0x00007ff63b8c0000 - 0x00007ff63b8f7000 	C:\Program Files\Java\jdk1.8.0_66\bin\java.exe
0x00007ff8bc650000 - 0x00007ff8bc812000 	C:\Windows\SYSTEM32\ntdll.dll
0x00007ff8bb550000 - 0x00007ff8bb5fd000 	C:\Windows\system32\KERNEL32.DLL
0x00007ff8b9110000 - 0x00007ff8b92ed000 	C:\Windows\system32\KERNELBASE.dll
0x00007ff8bb750000 - 0x00007ff8bb7f6000 	C:\Windows\system32\ADVAPI32.dll
0x00007ff8bbe60000 - 0x00007ff8bbefd000 	C:\Windows\system32\msvcrt.dll
0x00007ff8bbe00000 - 0x00007ff8bbe5b000 	C:\Windows\system32\sechost.dll
0x00007ff8bc090000 - 0x00007ff8bc1b6000 	C:\Windows\system32\RPCRT4.dll
0x00007ff8bb600000 - 0x00007ff8bb74e000 	C:\Windows\system32\USER32.dll
0x00007ff8bc4c0000 - 0x00007ff8bc644000 	C:\Windows\system32\GDI32.dll
0x00007ff8b60b0000 - 0x00007ff8b6324000 	C:\Windows\WinSxS\amd64_microsoft.windows.common-controls_6595b64144ccf1df_6.0.10240.17184_none_f41d7a705752bce6\COMCTL32.dll
0x00007ff8bb970000 - 0x00007ff8bb9a6000 	C:\Windows\system32\IMM32.DLL
0x00007ff8b9d10000 - 0x00007ff8b9e6c000 	C:\Windows\system32\MSCTF.dll
0x0000000060d80000 - 0x0000000060e52000 	C:\Program Files\Java\jdk1.8.0_66\jre\bin\msvcr100.dll
0x000000005d800000 - 0x000000005e089000 	C:\Program Files\Java\jdk1.8.0_66\jre\bin\server\jvm.dll
0x00007ff8bc4b0000 - 0x00007ff8bc4b8000 	C:\Windows\system32\PSAPI.DLL
0x00007ff8b3030000 - 0x00007ff8b3039000 	C:\Windows\SYSTEM32\WSOCK32.dll
0x00007ff8bb900000 - 0x00007ff8bb969000 	C:\Windows\system32\WS2_32.dll
0x00007ff8bc350000 - 0x00007ff8bc358000 	C:\Windows\system32\NSI.dll
0x00007ff8b7890000 - 0x00007ff8b78b3000 	C:\Windows\SYSTEM32\WINMM.dll
0x00007ff8aefb0000 - 0x00007ff8aefba000 	C:\Windows\SYSTEM32\VERSION.dll
0x00007ff8b7860000 - 0x00007ff8b788c000 	C:\Windows\SYSTEM32\WINMMBASE.dll
0x00007ff8b92f0000 - 0x00007ff8b9334000 	C:\Windows\system32\cfgmgr32.dll
0x00007ff8b72b0000 - 0x00007ff8b72d7000 	C:\Windows\SYSTEM32\DEVOBJ.dll
0x0000000061050000 - 0x000000006105f000 	C:\Program Files\Java\jdk1.8.0_66\jre\bin\verify.dll
0x0000000061020000 - 0x0000000061049000 	C:\Program Files\Java\jdk1.8.0_66\jre\bin\java.dll
0x0000000060f10000 - 0x0000000060f26000 	C:\Program Files\Java\jdk1.8.0_66\jre\bin\zip.dll
0x00007ff8ba020000 - 0x00007ff8bb543000 	C:\Windows\system32\SHELL32.dll
0x00007ff8b93f0000 - 0x00007ff8b9a19000 	C:\Windows\system32\windows.storage.dll
0x00007ff8bbb80000 - 0x00007ff8bbdfc000 	C:\Windows\system32\combase.dll
0x00007ff8bbf70000 - 0x00007ff8bbfc1000 	C:\Windows\system32\shlwapi.dll
0x00007ff8b90b0000 - 0x00007ff8b90bf000 	C:\Windows\system32\kernel.appcore.dll
0x00007ff8b9a20000 - 0x00007ff8b9ad3000 	C:\Windows\system32\shcore.dll
0x00007ff8b90c0000 - 0x00007ff8b910a000 	C:\Windows\system32\powrprof.dll
0x00007ff8b9070000 - 0x00007ff8b9083000 	C:\Windows\system32\profapi.dll
0x0000000060810000 - 0x00000000609a8000 	C:\Program Files\Java\jdk1.8.0_66\jre\bin\awt.dll
0x00007ff8bc1c0000 - 0x00007ff8bc282000 	C:\Windows\system32\OLEAUT32.dll
0x00007ff8b77e0000 - 0x00007ff8b7858000 	C:\Windows\system32\apphelp.dll
0x00007ff8b7980000 - 0x00007ff8b7a16000 	C:\Windows\system32\uxtheme.dll
0x00007ff8b6ea0000 - 0x00007ff8b6ec2000 	C:\Windows\system32\dwmapi.dll
0x00007ff8bc360000 - 0x00007ff8bc4a1000 	C:\Windows\system32\ole32.dll
0x00007ff8b8ec0000 - 0x00007ff8b8f2b000 	C:\Windows\SYSTEM32\bcryptPrimitives.dll
0x00000000607c0000 - 0x0000000060807000 	C:\Program Files\Java\jdk1.8.0_66\jre\bin\fontmanager.dll
0x0000000060ef0000 - 0x0000000060f0a000 	C:\Program Files\Java\jdk1.8.0_66\jre\bin\net.dll
0x00007ff8b88e0000 - 0x00007ff8b893d000 	C:\Windows\system32\mswsock.dll
0x00007ff8b86a0000 - 0x00007ff8b8748000 	C:\Windows\SYSTEM32\DNSAPI.dll
0x00007ff8b2310000 - 0x00007ff8b231a000 	C:\Windows\System32\rasadhlp.dll
0x00007ff8b2af0000 - 0x00007ff8b2b58000 	C:\Windows\System32\fwpuclnt.dll
0x00007ff8b8bb0000 - 0x00007ff8b8bd8000 	C:\Windows\SYSTEM32\bcrypt.dll
0x0000000060700000 - 0x0000000060731000 	C:\Program Files\Java\jdk1.8.0_66\jre\bin\jpeg.dll
0x00007ff8bc290000 - 0x00007ff8bc335000 	C:\Windows\system32\clbcatq.dll
0x00007ff8b6990000 - 0x00007ff8b6b42000 	C:\Windows\SYSTEM32\WindowsCodecs.dll
0x00007ff8b8940000 - 0x00007ff8b8957000 	C:\Windows\SYSTEM32\cryptsp.dll
0x00007ff8b8590000 - 0x00007ff8b85c3000 	C:\Windows\system32\rsaenh.dll
0x00007ff8b8ab0000 - 0x00007ff8b8abb000 	C:\Windows\SYSTEM32\CRYPTBASE.dll
0x00007ff8b5cb0000 - 0x00007ff8b5cf6000 	C:\Windows\system32\dataexchange.dll
0x00007ff8b6bf0000 - 0x00007ff8b6e93000 	C:\Windows\system32\d3d11.dll
0x00007ff8b73b0000 - 0x00007ff8b7481000 	C:\Windows\system32\dcomp.dll
0x00007ff8b6b50000 - 0x00007ff8b6bec000 	C:\Windows\system32\dxgi.dll
0x00007ff8b48c0000 - 0x00007ff8b4e05000 	C:\Windows\system32\d2d1.dll
0x00007ff8b7a20000 - 0x00007ff8b7b0e000 	C:\Windows\system32\twinapi.appcore.dll
0x00007ff8b8680000 - 0x00007ff8b869f000 	C:\Windows\system32\USERENV.dll
0x0000000060d60000 - 0x0000000060d71000 	C:\Program Files\Java\jdk1.8.0_66\jre\bin\nio.dll
0x0000000060770000 - 0x00000000607b2000 	C:\Program Files\Java\jdk1.8.0_66\jre\bin\t2k.dll
0x0000000060740000 - 0x000000006076a000 	C:\Program Files\Java\jdk1.8.0_66\jre\bin\dcpr.dll

VM Arguments:
jvm_args: -Dfile.encoding=UTF-8 
java_command: com.school.Loginpage
java_class_path (initial): C:\Program Files\NetBeans 8.2\ide\modules\ext\mysql-connector-java-5.1.23-bin.jar;C:\Program Files\NetBeans 8.2\java\modules\ext\AbsoluteLayout.jar;C:\Program Files\NetBeans 8.2\java\modules\ext\eclipselink\eclipselink.jar;C:\Program Files\NetBeans 8.2\java\modules\ext\eclipselink\javax.persistence_2.1.0.v201304241213.jar;C:\Program Files\NetBeans 8.2\java\modules\ext\eclipselink\org.eclipse.persistence.jpa.jpql_2.5.2.v20140319-9ad6abd.jar;C:\Users\charles\Documents\NetBeansProjects\SchoolManagementSystem\build\classes
Launcher Type: SUN_STANDARD

Environment Variables:
JAVA_HOME=C:\Program Files\Java\jdk1.8.0_66
PATH=C:\ProgramData\Oracle\Java\javapath;C:\Windows\system32;C:\Windows;C:\Windows\System32\Wbem;C:\Windows\System32\WindowsPowerShell\v1.0\;C:\Program Files\Microsoft\Web Platform Installer\;C:\Program Files (x86)\Microsoft ASP.NET\ASP.NET Web Pages\v1.0\;C:\Program Files\Java\jdk1.8.0_66\bin;C:\Program Files\Microsoft SQL Server\110\DTS\Binn\;C:\Program Files (x86)\Microsoft SQL Server\110\Tools\Binn\;C:\Program Files\Microsoft SQL Server\110\Tools\Binn\;C:\Program Files (x86)\Microsoft SQL Server\110\Tools\Binn\ManagementStudio\;C:\Program Files (x86)\Microsoft Visual Studio 10.0\Common7\IDE\PrivateAssemblies\;C:\Program Files (x86)\Microsoft SQL Server\110\DTS\Binn\;C:\Program Files\Git\cmd;C:\Program Files\MySQL\MySQL Utilities 1.6\;C:\Program Files\Java\jdk1.8.0_66\bin
USERNAME=charles
OS=Windows_NT
PROCESSOR_IDENTIFIER=Intel64 Family 6 Model 23 Stepping 10, GenuineIntel



---------------  S Y S T E M  ---------------

OS: Windows 10.0 , 64 bit Build 10240 (10.0.10240.17113)

CPU:total 2 (2 cores per cpu, 1 threads per core) family 6 model 23 stepping 10, cmov, cx8, fxsr, mmx, sse, sse2, sse3, ssse3, tsc

Memory: 4k page, physical 3075268k(504352k free), swap 5126308k(5324k free)

vm_info: Java HotSpot(TM) 64-Bit Server VM (25.66-b18) for windows-amd64 JRE (1.8.0_66-b18), built on Nov  9 2015 10:51:13 by "java_re" with MS VC++ 10.0 (VS2010)

time: Tue Apr 04 13:40:42 2017
elapsed time: 55 seconds (0d 0h 0m 55s)

